[2025-10-21 15:32:25,097] ERROR in app: 未捕获的异常: 'set' object has no attribute 'limit'
Traceback (most recent call last):
  File "D:\software\Anaconda3\envs\database\lib\site-packages\flask\app.py", line 867, in full_dispatch_request
    rv = self.dispatch_request()
  File "D:\software\Anaconda3\envs\database\lib\site-packages\flask\app.py", line 852, in dispatch_request
    return self.ensure_sync(self.view_functions[rule.endpoint])(**view_args)
  File "D:\WorkSpace\workspace\data_base\blueprints\auth.py", line 97, in login
    @limiter.limit("5 per minute; 20 per hour")
AttributeError: 'set' object has no attribute 'limit'
[2025-10-21 15:32:44,351] ERROR in app: 未捕获的异常: 'set' object has no attribute 'limit'
Traceback (most recent call last):
  File "D:\software\Anaconda3\envs\database\lib\site-packages\flask\app.py", line 867, in full_dispatch_request
    rv = self.dispatch_request()
  File "D:\software\Anaconda3\envs\database\lib\site-packages\flask\app.py", line 852, in dispatch_request
    return self.ensure_sync(self.view_functions[rule.endpoint])(**view_args)
  File "D:\WorkSpace\workspace\data_base\blueprints\auth.py", line 97, in login
    @limiter.limit("5 per minute; 20 per hour")
AttributeError: 'set' object has no attribute 'limit'
[2025-10-21 15:32:46,953] ERROR in app: 未捕获的异常: 'set' object has no attribute 'limit'
Traceback (most recent call last):
  File "D:\software\Anaconda3\envs\database\lib\site-packages\flask\app.py", line 867, in full_dispatch_request
    rv = self.dispatch_request()
  File "D:\software\Anaconda3\envs\database\lib\site-packages\flask\app.py", line 852, in dispatch_request
    return self.ensure_sync(self.view_functions[rule.endpoint])(**view_args)
  File "D:\WorkSpace\workspace\data_base\blueprints\auth.py", line 97, in login
    @limiter.limit("5 per minute; 20 per hour")
AttributeError: 'set' object has no attribute 'limit'
[2025-10-21 15:33:26,573] ERROR in app: 未捕获的异常: 'set' object has no attribute 'limit'
Traceback (most recent call last):
  File "D:\software\Anaconda3\envs\database\lib\site-packages\flask\app.py", line 867, in full_dispatch_request
    rv = self.dispatch_request()
  File "D:\software\Anaconda3\envs\database\lib\site-packages\flask\app.py", line 852, in dispatch_request
    return self.ensure_sync(self.view_functions[rule.endpoint])(**view_args)
  File "D:\WorkSpace\workspace\data_base\blueprints\auth.py", line 97, in login
    @limiter.limit("5 per minute; 20 per hour")
AttributeError: 'set' object has no attribute 'limit'
[2025-10-21 15:35:20,365] ERROR in app: 未捕获的异常: 'set' object has no attribute 'limit'
Traceback (most recent call last):
  File "D:\software\Anaconda3\envs\database\lib\site-packages\flask\app.py", line 867, in full_dispatch_request
    rv = self.dispatch_request()
  File "D:\software\Anaconda3\envs\database\lib\site-packages\flask\app.py", line 852, in dispatch_request
    return self.ensure_sync(self.view_functions[rule.endpoint])(**view_args)
  File "D:\WorkSpace\workspace\data_base\blueprints\auth.py", line 97, in login
    @limiter.limit("5 per minute; 20 per hour")
AttributeError: 'set' object has no attribute 'limit'
[2025-10-23 10:48:01,751] ERROR in app: 未捕获的异常: 1054 (42S22): Unknown column 'csrf_token' in 'field list'
Traceback (most recent call last):
  File "D:\software\Anaconda3\envs\database\lib\site-packages\mysql\connector\connection_cext.py", line 611, in cmd_query
    self._cmysql.query(
_mysql_connector.MySQLInterfaceError: Unknown column 'csrf_token' in 'field list'

The above exception was the direct cause of the following exception:

Traceback (most recent call last):
  File "D:\software\Anaconda3\envs\database\lib\site-packages\flask\app.py", line 867, in full_dispatch_request
    rv = self.dispatch_request()
  File "D:\software\Anaconda3\envs\database\lib\site-packages\flask\app.py", line 852, in dispatch_request
    return self.ensure_sync(self.view_functions[rule.endpoint])(**view_args)
  File "D:\WorkSpace\workspace\data_base\blueprints\projects.py", line 340, in save_test_results
    cursor.execute(sql, tuple(values))
  File "D:\software\Anaconda3\envs\database\lib\site-packages\mysql\connector\cursor_cext.py", line 330, in execute
    result = self._cnx.cmd_query(
  File "D:\software\Anaconda3\envs\database\lib\site-packages\mysql\connector\connection_cext.py", line 619, in cmd_query
    raise get_mysql_exception(
mysql.connector.errors.ProgrammingError: 1054 (42S22): Unknown column 'csrf_token' in 'field list'
